<?xml version="1.0" encoding="UTF-8"?>
<!-- Generated by org.testng.reporters.JUnitReportReporter -->
<testsuite hostname="TYSS-Piyush-Baldaniya" failures="0" tests="1" name="testngExtra.Demo6" time="16.445" errors="0" timestamp="2025-09-09T09:55:40 IST" skipped="0">
  <testcase classname="testngExtra.Demo6" name="case12" time="16.445"/>
</testsuite> <!-- testngExtra.Demo6 -->
