<?xml version="1.0" encoding="UTF-8"?>
<!-- Generated by org.testng.reporters.JUnitReportReporter -->
<testsuite hostname="TYSS-Piyush-Baldaniya" failures="0" tests="1" name="testngExtra.Demo2" time="0.010" errors="0" timestamp="2025-09-05T10:23:30 IST" skipped="0">
  <testcase classname="testngExtra.Demo2" name="case5" time="0.010">
    <system-out>
      <![CDATA[Smoke]]>
    </system-out>
  </testcase> <!-- case5 -->
  <system-out>
    <![CDATA[Smoke
Hellow...
Smoke
Smoke]]>
  </system-out>
</testsuite> <!-- testngExtra.Demo2 -->
