<?xml version="1.0" encoding="UTF-8"?>
<!-- Generated by org.testng.reporters.JUnitReportReporter -->
<testsuite hostname="TYSS-Piyush-Baldaniya" failures="0" tests="1" name="testngExtra.Demo4" time="12.753" errors="0" timestamp="2025-09-09T09:55:40 IST" skipped="0">
  <testcase classname="testngExtra.Demo4" name="case10" time="12.753"/>
</testsuite> <!-- testngExtra.Demo4 -->
