<?xml version="1.0" encoding="UTF-8"?>
<!-- Generated by org.testng.reporters.JUnitReportReporter -->
<testsuite hostname="TYSS-Piyush-Baldaniya" failures="0" tests="1" name="listeners_extra.justToprove" time="0.031" errors="0" timestamp="2025-09-23T10:34:29 IST" skipped="0">
  <testcase classname="listeners_extra.justToprove" name="demo" time="0.031"/>
</testsuite> <!-- listeners_extra.justToprove -->
