<?xml version="1.0" encoding="UTF-8"?>
<!-- Generated by org.testng.reporters.JUnitReportReporter -->
<testsuite hostname="TYSS-Piyush-Baldaniya" failures="0" tests="1" name="listeners_extra.JustToProve1" time="0.028" errors="0" timestamp="2025-09-23T10:35:20 IST" skipped="0">
  <testcase classname="listeners_extra.JustToProve1" name="case1" time="0.028"/>
</testsuite> <!-- listeners_extra.JustToProve1 -->
