<?xml version="1.0" encoding="UTF-8"?>
<!-- Generated by org.testng.reporters.JUnitReportReporter -->
<testsuite hostname="TYSS-Piyush-Baldaniya" failures="0" tests="10" name="testngExtra.DemoForAnn" time="0.025" errors="0" timestamp="2025-09-12T10:21:36 IST" skipped="0">
  <testcase classname="testngExtra.DemoForAnn" name="test1" time="0.002"/>
  <testcase classname="testngExtra.DemoForAnn" name="test1" time="0.006"/>
  <testcase classname="testngExtra.DemoForAnn" name="test3" time="0.002"/>
  <testcase classname="testngExtra.DemoForAnn" name="test3" time="0.003"/>
  <testcase classname="testngExtra.DemoForAnn" name="test3" time="0.002"/>
  <testcase classname="testngExtra.DemoForAnn" name="test3" time="0.002"/>
  <testcase classname="testngExtra.DemoForAnn" name="test3" time="0.001"/>
  <testcase classname="testngExtra.DemoForAnn" name="test2" time="0.002"/>
  <testcase classname="testngExtra.DemoForAnn" name="test1" time="0.004"/>
  <testcase classname="testngExtra.DemoForAnn" name="test2" time="0.001"/>
</testsuite> <!-- testngExtra.DemoForAnn -->
