<?xml version="1.0" encoding="UTF-8"?>
<!-- Generated by org.testng.reporters.JUnitReportReporter -->
<testsuite hostname="TYSS-Piyush-Baldaniya" failures="0" tests="1" name="testngExtra.Demo9" time="12.309" errors="0" timestamp="2025-09-16T10:16:18 IST" skipped="0">
  <testcase classname="testngExtra.Demo9" name="case1" time="12.309"/>
</testsuite> <!-- testngExtra.Demo9 -->
