<?xml version="1.0" encoding="UTF-8"?>
<!-- Generated by org.testng.reporters.JUnitReportReporter -->
<testsuite hostname="TYSS-Piyush-Baldaniya" failures="0" tests="1" name="campaign.CreateCampaignTest" time="3.509" errors="0" timestamp="2025-09-18T10:05:41 IST" skipped="0">
  <testcase classname="campaign.CreateCampaignTest" name="createCampaignTest" time="3.509"/>
</testsuite> <!-- campaign.CreateCampaignTest -->
