<?xml version="1.0" encoding="UTF-8"?>
<!-- Generated by org.testng.reporters.JUnitReportReporter -->
<testsuite hostname="TYSS-Piyush-Baldaniya" failures="0" tests="4" name="testngExtra.Demo6" time="20.170" errors="0" timestamp="2025-09-11T09:46:17 IST" skipped="0">
  <testcase classname="testngExtra.Demo6" name="loggingInFB" time="4.781"/>
  <testcase classname="testngExtra.Demo6" name="loggingInFB" time="5.368"/>
  <testcase classname="testngExtra.Demo6" name="loggingInFB" time="4.881"/>
  <testcase classname="testngExtra.Demo6" name="loggingInFB" time="5.140"/>
</testsuite> <!-- testngExtra.Demo6 -->
