<?xml version="1.0" encoding="UTF-8"?>
<!-- Generated by org.testng.reporters.JUnitReportReporter -->
<testsuite hostname="TYSS-Piyush-Baldaniya" failures="0" tests="3" name="testngExtra.Demo5" time="4.457" errors="0" timestamp="2025-09-10T10:18:43 IST" skipped="0">
  <testcase classname="testngExtra.Demo5" name="deleteCity" time="1.274"/>
  <testcase classname="testngExtra.Demo5" name="createCity" time="1.895"/>
  <testcase classname="testngExtra.Demo5" name="modifyCity" time="1.288"/>
</testsuite> <!-- testngExtra.Demo5 -->
