<?xml version="1.0" encoding="UTF-8"?>
<!-- Generated by org.testng.reporters.JUnitReportReporter -->
<testsuite hostname="TYSS-Piyush-Baldaniya" failures="0" tests="1" name="testngExtra.Demo1" time="0.009" errors="0" timestamp="2025-09-12T10:17:48 IST" skipped="0">
  <testcase classname="testngExtra.Demo1" name="case2" time="0.009">
    <system-out>
      <![CDATA[Hellow...]]>
    </system-out>
  </testcase> <!-- case2 -->
  <system-out>
    <![CDATA[Hellow...]]>
  </system-out>
</testsuite> <!-- testngExtra.Demo1 -->
