<?xml version="1.0" encoding="UTF-8"?>
<!-- Generated by org.testng.reporters.JUnitReportReporter -->
<testsuite hostname="TYSS-Piyush-Baldaniya" failures="0" tests="1" name="testngExtra.SauceLabs" time="8.775" errors="0" timestamp="2025-09-11T09:27:42 IST" skipped="0">
  <testcase classname="testngExtra.SauceLabs" name="logginInSauceLabs" time="8.775"/>
</testsuite> <!-- testngExtra.SauceLabs -->
