<?xml version="1.0" encoding="UTF-8"?>
<!-- Generated by org.testng.reporters.JUnitReportReporter -->
<testsuite hostname="TYSS-Piyush-Baldaniya" failures="0" tests="5" name="testngExtra.Demo5" time="0.017" errors="0" timestamp="2025-09-15T11:49:58 IST" skipped="0">
  <testcase classname="testngExtra.Demo5" name="createNewCity" time="0.001"/>
  <testcase classname="testngExtra.Demo5" name="createNewCity" time="0.003"/>
  <testcase classname="testngExtra.Demo5" name="createNewCity" time="0.002"/>
  <testcase classname="testngExtra.Demo5" name="createNewCity" time="0.002"/>
  <testcase classname="testngExtra.Demo5" name="createNewCity" time="0.009"/>
</testsuite> <!-- testngExtra.Demo5 -->
