<?xml version="1.0" encoding="UTF-8"?>
<!-- Generated by org.testng.reporters.JUnitReportReporter -->
<testsuite hostname="TYSS-Piyush-Baldaniya" failures="0" tests="1" name="testngExtra.Demo3" time="0.001" errors="0" timestamp="2025-09-05T10:23:30 IST" skipped="0">
  <testcase classname="testngExtra.Demo3" name="case9" time="0.001">
    <system-out>
      <![CDATA[Hellow...]]>
    </system-out>
  </testcase> <!-- case9 -->
  <system-out>
    <![CDATA[Smoke
Hellow...
Smoke
Smoke]]>
  </system-out>
</testsuite> <!-- testngExtra.Demo3 -->
