<?xml version="1.0" encoding="UTF-8"?>
<!-- Generated by org.testng.reporters.JUnitReportReporter -->
<testsuite hostname="TYSS-Piyush-Baldaniya" failures="0" tests="3" name="testngExtra.Demo3" time="0.004" errors="0" timestamp="2025-09-04T10:22:01 IST" skipped="0">
  <testcase classname="testngExtra.Demo3" name="case2" time="0.002">
    <system-out>
      <![CDATA[Hellowwww...]]>
    </system-out>
  </testcase> <!-- case2 -->
  <testcase classname="testngExtra.Demo3" name="case1" time="0.001">
    <system-out>
      <![CDATA[Hey there!!!]]>
    </system-out>
  </testcase> <!-- case1 -->
  <testcase classname="testngExtra.Demo3" name="case3" time="0.001">
    <system-out>
      <![CDATA[How do you do ???]]>
    </system-out>
  </testcase> <!-- case3 -->
  <system-out>
    <![CDATA[Hey there!!!
Hellowwww...
How do you do ???
Hey there!!!
Hellowwww...
How do you do ???
Hey there!!!
Hellowwww...
How do you do ???]]>
  </system-out>
</testsuite> <!-- testngExtra.Demo3 -->
