<?xml version="1.0" encoding="UTF-8"?>
<!-- Generated by org.testng.reporters.JUnitReportReporter -->
<testsuite hostname="TYSS-Piyush-Baldaniya" failures="0" tests="1" name="testngExtra.Demo8" time="3.946" errors="0" timestamp="2025-09-15T11:02:34 IST" skipped="0">
  <testcase classname="testngExtra.Demo8" name="case1" time="3.946"/>
</testsuite> <!-- testngExtra.Demo8 -->
