<?xml version="1.0" encoding="UTF-8"?>
<!-- Generated by org.testng.reporters.JUnitReportReporter -->
<testsuite hostname="TYSS-Piyush-Baldaniya" failures="0" tests="2" name="testngExtra.Demo1" time="0.005" errors="0" timestamp="2025-09-05T10:23:30 IST" skipped="0">
  <testcase classname="testngExtra.Demo1" name="case1" time="0.002">
    <system-out>
      <![CDATA[Smoke]]>
    </system-out>
  </testcase> <!-- case1 -->
  <testcase classname="testngExtra.Demo1" name="case3" time="0.003">
    <system-out>
      <![CDATA[Smoke]]>
    </system-out>
  </testcase> <!-- case3 -->
  <system-out>
    <![CDATA[Smoke
Hellow...
Smoke
Smoke]]>
  </system-out>
</testsuite> <!-- testngExtra.Demo1 -->
