<?xml version="1.0" encoding="UTF-8"?>
<!-- Generated by org.testng.reporters.JUnitReportReporter -->
<testsuite hostname="TYSS-Piyush-Baldaniya" failures="0" tests="1" name="listeners_extra.TestListeners" time="0.007" errors="0" timestamp="2025-09-22T09:54:00 IST" skipped="0">
  <testcase classname="listeners_extra.TestListeners" name="case1" time="0.007"/>
</testsuite> <!-- listeners_extra.TestListeners -->
