<?xml version="1.0" encoding="UTF-8"?>
<!-- Generated by org.testng.reporters.JUnitReportReporter -->
<testsuite hostname="TYSS-Piyush-Baldaniya" failures="0" tests="1" name="testngExtra.DemoForParameter" time="0.019" errors="0" timestamp="2025-09-16T09:50:25 IST" skipped="0">
  <testcase classname="testngExtra.DemoForParameter" name="case21" time="0.019"/>
</testsuite> <!-- testngExtra.DemoForParameter -->
