<?xml version="1.0" encoding="UTF-8"?>
<!-- Generated by org.testng.reporters.JUnitReportReporter -->
<testsuite hostname="TYSS-Piyush-Baldaniya" failures="0" tests="1" name="campaign.CreateCampaignTest" time="4.647" errors="0" timestamp="2025-09-12T09:55:26 IST" skipped="0">
  <testcase classname="campaign.CreateCampaignTest" name="createCampaignTest" time="4.647"/>
</testsuite> <!-- campaign.CreateCampaignTest -->
