<?xml version="1.0" encoding="UTF-8"?>
<!-- Generated by org.testng.reporters.JUnitReportReporter -->
<testsuite hostname="TYSS-Piyush-Baldaniya" failures="0" tests="1" name="working_with_Ad_reports.Instagram" time="3.969" errors="0" timestamp="2025-09-22T09:47:30 IST" skipped="0">
  <testcase classname="working_with_Ad_reports.Instagram" name="openInsta" time="3.969"/>
</testsuite> <!-- working_with_Ad_reports.Instagram -->
