<?xml version="1.0" encoding="UTF-8"?>
<!-- Generated by org.testng.reporters.JUnitReportReporter -->
<testsuite hostname="TYSS-Piyush-Baldaniya" failures="0" tests="5" name="testngExtra.Demo4" time="8.868" errors="0" timestamp="2025-09-10T09:55:33 IST" skipped="0">
  <testcase classname="testngExtra.Demo4" name="case15" time="1.900"/>
  <testcase classname="testngExtra.Demo4" name="case14" time="1.323"/>
  <testcase classname="testngExtra.Demo4" name="case13" time="2.231"/>
  <testcase classname="testngExtra.Demo4" name="case12" time="1.610"/>
  <testcase classname="testngExtra.Demo4" name="case11" time="1.804"/>
</testsuite> <!-- testngExtra.Demo4 -->
